[+] Containers:
 |- [+] Container: /Game/PlatformGame/Maps/M_Level01
 |   |- [+] ActorDescs:
 |   |   |- Guid:03C8E657451C478E92C05BA09A246FFD BaseClass: NativeClass:/Script/Engine.PlayerStart Name:PlayerStart_UAID_74563C66839BAECD01_1839396263 Label:PlayerStart SpatiallyLoaded:0 Bounds:IsValid=true, Min=(X=854.849 Y=-127.349 Z=150.611), Max=(X=934.849 Y=-47.349 Z=334.611) RuntimeGrid:None EditorOnly:0 RuntimeOnly:0 HLODRelevant:0 ListedInSceneOutliner:1 IsMainWorldOnly:0
 |   |   |- Guid:17694EFB4A3A4FE2D734919DD079195E BaseClass:/Game/PlatformGame/Maps/BPP_PA_FirstPlatform.BPP_PA_FirstPlatform_C NativeClass:/Script/Engine.PackedLevelActor Name:BPP_PA_FirstPlatform_C_UAID_74563C66839BFACD01_1760721675 Label:BPP_PA_FirstPlatform SpatiallyLoaded:1 Bounds:IsValid=true, Min=(X=-2032.446 Y=-1503.072 Z=-370.000), Max=(X=-146.829 Y=537.371 Z=500.942) RuntimeGrid:None EditorOnly:0 RuntimeOnly:0 HLODRelevant:1 ListedInSceneOutliner:1 IsMainWorldOnly:0
 |   |   |- Guid:1992344F4988FE94D2FD54BF2CFB28CF BaseClass:/Game/PlatformGame/GameElements/Platforms/BP_DisapearingPlatform.BP_DisapearingPlatform_C NativeClass:/Script/Engine.Actor Name:BP_DisapearingPlatform_C_UAID_74563C66839BB1CD01_1545209803 Label:BP_DisapearingPlatform2 SpatiallyLoaded:1 Bounds:IsValid=true, Min=(X=-320.000 Y=-450.000 Z=60.000), Max=(X=-220.000 Y=-350.000 Z=160.000) RuntimeGrid:None EditorOnly:0 RuntimeOnly:0 HLODRelevant:0 ListedInSceneOutliner:1 IsMainWorldOnly:0
 |   |   |- Guid:1EB1E94B4C5F49A2FEB756AB607260C6 BaseClass: NativeClass:/Script/Engine.StaticMeshActor Name:StaticMeshActor_UAID_74563C66839BF6CD01_1697115971 Label:Extrude SpatiallyLoaded:1 Bounds:IsValid=true, Min=(X=-3390.000 Y=430.000 Z=0.000), Max=(X=-2270.000 Y=1500.000 Z=130.000) RuntimeGrid:None EditorOnly:0 RuntimeOnly:0 HLODRelevant:1 ListedInSceneOutliner:1 IsMainWorldOnly:0
 |   |   |- Guid:3FF17F0B4098AD3059B45C86DC058D4F BaseClass: NativeClass:/Script/Engine.VolumetricCloud Name:VolumetricCloud_UAID_74563C66839B67C801_1462972491 Label:VolumetricCloud SpatiallyLoaded:0 Bounds:IsValid=true, Min=(X=1010.000 Y=0.000 Z=470.000), Max=(X=1010.000 Y=0.000 Z=470.000) RuntimeGrid:None EditorOnly:0 RuntimeOnly:0 HLODRelevant:0 ListedInSceneOutliner:1 IsMainWorldOnly:0
 |   |   |- Guid:4B015E264EE88D287BE2EABA2B6C6F8C BaseClass: NativeClass:/Script/Engine.StaticMeshActor Name:StaticMeshActor_UAID_74563C66839BF6CD01_1762569975 Label:Extrude5 SpatiallyLoaded:1 Bounds:IsValid=true, Min=(X=-1610.000 Y=2000.000 Z=0.000), Max=(X=-1500.000 Y=3500.000 Z=180.000) RuntimeGrid:None EditorOnly:0 RuntimeOnly:0 HLODRelevant:1 ListedInSceneOutliner:1 IsMainWorldOnly:0
 |   |   |- Guid:57263B544AF2CB9DFA4059A9361519F1 BaseClass: NativeClass:/Script/Engine.StaticMeshActor Name:StaticMeshActor_UAID_74563C66839BF6CD01_1713783972 Label:Extrude2 SpatiallyLoaded:1 Bounds:IsValid=true, Min=(X=-3820.000 Y=-600.000 Z=0.000), Max=(X=-2100.000 Y=-410.000 Z=160.000) RuntimeGrid:None EditorOnly:0 RuntimeOnly:0 HLODRelevant:1 ListedInSceneOutliner:1 IsMainWorldOnly:0
 |   |   |- Guid:63736D1D4E988EDBC03045978936B2B8 BaseClass:/Game/PlatformGame/GameElements/Platforms/BP_DisapearingPlatform.BP_DisapearingPlatform_C NativeClass:/Script/Engine.Actor Name:BP_DisapearingPlatform_C_UAID_74563C66839BB1CD01_1549202804 Label:BP_DisapearingPlatform3 SpatiallyLoaded:1 Bounds:IsValid=true, Min=(X=-140.000 Y=-450.000 Z=60.000), Max=(X=-40.000 Y=-350.000 Z=160.000) RuntimeGrid:None EditorOnly:0 RuntimeOnly:0 HLODRelevant:0 ListedInSceneOutliner:1 IsMainWorldOnly:0
 |   |   |- Guid:71BC3E3540F237F1102689AF92060454 BaseClass: NativeClass:/Script/Engine.StaticMeshActor Name:StaticMeshActor_UAID_74563C66839BAFCD01_1613427447 Label:Cube4 SpatiallyLoaded:1 Bounds:IsValid=true, Min=(X=20.000 Y=-280.000 Z=60.000), Max=(X=120.000 Y=-180.000 Z=160.000) RuntimeGrid:None EditorOnly:0 RuntimeOnly:0 HLODRelevant:1 ListedInSceneOutliner:1 IsMainWorldOnly:0
 |   |   |- Guid:882512214A0135EEB4C100B0D7E5E63F BaseClass: NativeClass:/Script/Engine.StaticMeshActor Name:StaticMeshActor_UAID_74563C66839BF6CD01_1742630974 Label:Extrude4 SpatiallyLoaded:1 Bounds:IsValid=true, Min=(X=-1800.000 Y=800.000 Z=0.000), Max=(X=-1490.000 Y=950.000 Z=140.000) RuntimeGrid:None EditorOnly:0 RuntimeOnly:0 HLODRelevant:1 ListedInSceneOutliner:1 IsMainWorldOnly:0
 |   |   |- Guid:96EC906A476D94598591EA98E83AD53D BaseClass:/Game/PlatformGame/GameElements/Platforms/BP_DisapearingPlatform.BP_DisapearingPlatform_C NativeClass:/Script/Engine.Actor Name:BP_DisapearingPlatform_C_UAID_74563C66839BB1CD01_1550895805 Label:BP_DisapearingPlatform4 SpatiallyLoaded:1 Bounds:IsValid=true, Min=(X=30.000 Y=-450.000 Z=60.000), Max=(X=130.000 Y=-350.000 Z=160.000) RuntimeGrid:None EditorOnly:0 RuntimeOnly:0 HLODRelevant:0 ListedInSceneOutliner:1 IsMainWorldOnly:0
 |   |   |- Guid:982EAF274169B501552BD98D1977BBE7 BaseClass: NativeClass:/Script/Engine.StaticMeshActor Name:StaticMeshActor_UAID_74563C66839BF6CD01_1727059973 Label:Extrude3 SpatiallyLoaded:1 Bounds:IsValid=true, Min=(X=-1830.000 Y=940.000 Z=0.000), Max=(X=-1490.000 Y=1970.000 Z=140.000) RuntimeGrid:None EditorOnly:0 RuntimeOnly:0 HLODRelevant:1 ListedInSceneOutliner:1 IsMainWorldOnly:0
 |   |   |- Guid:9D9F686B42B6659133D54D9C63BC9CA4 BaseClass: NativeClass:/Script/Engine.StaticMeshActor Name:StaticMeshActor_UAID_74563C66839BAFCD01_1588607445 Label:Cube2 SpatiallyLoaded:1 Bounds:IsValid=true, Min=(X=-4150.000 Y=1710.000 Z=300.000), Max=(X=-4050.000 Y=1810.000 Z=400.000) RuntimeGrid:None EditorOnly:0 RuntimeOnly:0 HLODRelevant:1 ListedInSceneOutliner:1 IsMainWorldOnly:0
 |   |   |- Guid:B0ADAF3148C45F3D35B552A6439372D5 BaseClass: NativeClass:/Script/Engine.WorldDataLayers Name:WorldDataLayers Label:WorldDataLayers SpatiallyLoaded:0 Bounds:Invalid RuntimeGrid:None EditorOnly:0 RuntimeOnly:0 HLODRelevant:0 ListedInSceneOutliner:1 IsMainWorldOnly:1
 |   |   |- Guid:B4DD01B34BBC1C7F265548BA88703DA6 BaseClass:/Game/PlatformGame/GameElements/Platforms/BP_DisapearingPlatform.BP_DisapearingPlatform_C NativeClass:/Script/Engine.Actor Name:BP_DisapearingPlatform_C_UAID_74563C66839BB0CD01_2062243625 Label:BP_DisapearingPlatform SpatiallyLoaded:1 Bounds:IsValid=true, Min=(X=-330.000 Y=-280.000 Z=60.000), Max=(X=-230.000 Y=-180.000 Z=160.000) RuntimeGrid:None EditorOnly:0 RuntimeOnly:0 HLODRelevant:0 ListedInSceneOutliner:1 IsMainWorldOnly:0
 |   |   |- Guid:CF61E194443C6D6A3E504D801121CB38 BaseClass:/Game/PlatformGame/Maps/BPP_PA_FirstPlatform.BPP_PA_FirstPlatform_C NativeClass:/Script/Engine.PackedLevelActor Name:BPP_PA_FirstPlatform_C_UAID_74563C66839BFACD01_1751599674 Label:PA_FirstPlatform SpatiallyLoaded:1 Bounds:IsValid=true, Min=(X=244.321 Y=-1118.395 Z=-345.140), Max=(X=2331.505 Y=628.395 Z=525.802) RuntimeGrid:None EditorOnly:0 RuntimeOnly:0 HLODRelevant:1 ListedInSceneOutliner:1 IsMainWorldOnly:0
 |   |   |- Guid:CF70E42846555C6B8901C1B5FFF0077F BaseClass: NativeClass:/Script/Engine.DirectionalLight Name:DirectionalLight_UAID_74563C66839B67C801_1460373490 Label:DirectionalLight SpatiallyLoaded:0 Bounds:IsValid=true, Min=(X=-4398046511104.000 Y=-4398046511104.000 Z=-4398046511104.000), Max=(X=4398046511104.000 Y=4398046511104.000 Z=4398046511104.000) RuntimeGrid:None EditorOnly:0 RuntimeOnly:0 HLODRelevant:0 ListedInSceneOutliner:1 IsMainWorldOnly:0
 |   |   |- Guid:D0B82E0549ECC108EFE255B8A74EB12E BaseClass: NativeClass:/Script/Engine.SkyLight Name:SkyLight_UAID_74563C66839B67C801_1451360488 Label:SkyLight SpatiallyLoaded:0 Bounds:IsValid=true, Min=(X=1010.000 Y=0.000 Z=760.000), Max=(X=1010.000 Y=0.000 Z=760.000) RuntimeGrid:None EditorOnly:0 RuntimeOnly:0 HLODRelevant:0 ListedInSceneOutliner:1 IsMainWorldOnly:0
 |   |   |- Guid:DDEC54644EAC7C7203D64187B4D6D318 BaseClass: NativeClass:/Script/Engine.StaticMeshActor Name:StaticMeshActor_UAID_74563C66839BAFCD01_1529389444 Label:Cube SpatiallyLoaded:1 Bounds:IsValid=true, Min=(X=-160.000 Y=-280.000 Z=60.000), Max=(X=-60.000 Y=-180.000 Z=160.000) RuntimeGrid:None EditorOnly:0 RuntimeOnly:0 HLODRelevant:1 ListedInSceneOutliner:1 IsMainWorldOnly:0
 |   |   |- Guid:E1A9B0764943EFF82F8BD194F0731F9B BaseClass: NativeClass:/Script/Engine.StaticMeshActor Name:StaticMeshActor_UAID_74563C66839BAFCD01_1595027446 Label:Cube3 SpatiallyLoaded:1 Bounds:IsValid=true, Min=(X=-4150.000 Y=2380.000 Z=170.000), Max=(X=-4050.000 Y=2480.000 Z=270.000) RuntimeGrid:None EditorOnly:0 RuntimeOnly:0 HLODRelevant:1 ListedInSceneOutliner:1 IsMainWorldOnly:0
 |   |   |- Guid:FBDA829F4EEDE1DCD67947B4D6B8219E BaseClass: NativeClass:/Script/Engine.ExponentialHeightFog Name:ExponentialHeightFog_UAID_74563C66839B67C801_1463961492 Label:ExponentialHeightFog SpatiallyLoaded:0 Bounds:IsValid=true, Min=(X=1010.000 Y=0.000 Z=660.000), Max=(X=1010.000 Y=0.000 Z=660.000) RuntimeGrid:None EditorOnly:0 RuntimeOnly:0 HLODRelevant:0 ListedInSceneOutliner:1 IsMainWorldOnly:0
 |   |   |- Guid:FC14F50E4A757F0F9EB24D95BDA629F6 BaseClass: NativeClass:/Script/Engine.SkyAtmosphere Name:SkyAtmosphere_UAID_74563C66839B67C801_1458235489 Label:SkyAtmosphere SpatiallyLoaded:0 Bounds:IsValid=true, Min=(X=1010.000 Y=0.000 Z=520.000), Max=(X=1010.000 Y=0.000 Z=520.000) RuntimeGrid:None EditorOnly:0 RuntimeOnly:0 HLODRelevant:0 ListedInSceneOutliner:1 IsMainWorldOnly:0
 |   |- [+] Clusters:
 |   |   |- [+] [  0]
 |   |   |   |- Guid:03C8E657451C478E92C05BA09A246FFD BaseClass: NativeClass:/Script/Engine.PlayerStart Name:PlayerStart_UAID_74563C66839BAECD01_1839396263 Label:PlayerStart SpatiallyLoaded:0 Bounds:IsValid=true, Min=(X=854.849 Y=-127.349 Z=150.611), Max=(X=934.849 Y=-47.349 Z=334.611) RuntimeGrid:None EditorOnly:0 RuntimeOnly:0 HLODRelevant:0 ListedInSceneOutliner:1 IsMainWorldOnly:0
 |   |   |- [+] [  1]
 |   |   |   |- Guid:17694EFB4A3A4FE2D734919DD079195E BaseClass:/Game/PlatformGame/Maps/BPP_PA_FirstPlatform.BPP_PA_FirstPlatform_C NativeClass:/Script/Engine.PackedLevelActor Name:BPP_PA_FirstPlatform_C_UAID_74563C66839BFACD01_1760721675 Label:BPP_PA_FirstPlatform SpatiallyLoaded:1 Bounds:IsValid=true, Min=(X=-2032.446 Y=-1503.072 Z=-370.000), Max=(X=-146.829 Y=537.371 Z=500.942) RuntimeGrid:None EditorOnly:0 RuntimeOnly:0 HLODRelevant:1 ListedInSceneOutliner:1 IsMainWorldOnly:0
 |   |   |- [+] [  2]
 |   |   |   |- Guid:1992344F4988FE94D2FD54BF2CFB28CF BaseClass:/Game/PlatformGame/GameElements/Platforms/BP_DisapearingPlatform.BP_DisapearingPlatform_C NativeClass:/Script/Engine.Actor Name:BP_DisapearingPlatform_C_UAID_74563C66839BB1CD01_1545209803 Label:BP_DisapearingPlatform2 SpatiallyLoaded:1 Bounds:IsValid=true, Min=(X=-320.000 Y=-450.000 Z=60.000), Max=(X=-220.000 Y=-350.000 Z=160.000) RuntimeGrid:None EditorOnly:0 RuntimeOnly:0 HLODRelevant:0 ListedInSceneOutliner:1 IsMainWorldOnly:0
 |   |   |- [+] [  3]
 |   |   |   |- Guid:1EB1E94B4C5F49A2FEB756AB607260C6 BaseClass: NativeClass:/Script/Engine.StaticMeshActor Name:StaticMeshActor_UAID_74563C66839BF6CD01_1697115971 Label:Extrude SpatiallyLoaded:1 Bounds:IsValid=true, Min=(X=-3390.000 Y=430.000 Z=0.000), Max=(X=-2270.000 Y=1500.000 Z=130.000) RuntimeGrid:None EditorOnly:0 RuntimeOnly:0 HLODRelevant:1 ListedInSceneOutliner:1 IsMainWorldOnly:0
 |   |   |- [+] [  4]
 |   |   |   |- Guid:3FF17F0B4098AD3059B45C86DC058D4F BaseClass: NativeClass:/Script/Engine.VolumetricCloud Name:VolumetricCloud_UAID_74563C66839B67C801_1462972491 Label:VolumetricCloud SpatiallyLoaded:0 Bounds:IsValid=true, Min=(X=1010.000 Y=0.000 Z=470.000), Max=(X=1010.000 Y=0.000 Z=470.000) RuntimeGrid:None EditorOnly:0 RuntimeOnly:0 HLODRelevant:0 ListedInSceneOutliner:1 IsMainWorldOnly:0
 |   |   |- [+] [  5]
 |   |   |   |- Guid:4B015E264EE88D287BE2EABA2B6C6F8C BaseClass: NativeClass:/Script/Engine.StaticMeshActor Name:StaticMeshActor_UAID_74563C66839BF6CD01_1762569975 Label:Extrude5 SpatiallyLoaded:1 Bounds:IsValid=true, Min=(X=-1610.000 Y=2000.000 Z=0.000), Max=(X=-1500.000 Y=3500.000 Z=180.000) RuntimeGrid:None EditorOnly:0 RuntimeOnly:0 HLODRelevant:1 ListedInSceneOutliner:1 IsMainWorldOnly:0
 |   |   |- [+] [  6]
 |   |   |   |- Guid:57263B544AF2CB9DFA4059A9361519F1 BaseClass: NativeClass:/Script/Engine.StaticMeshActor Name:StaticMeshActor_UAID_74563C66839BF6CD01_1713783972 Label:Extrude2 SpatiallyLoaded:1 Bounds:IsValid=true, Min=(X=-3820.000 Y=-600.000 Z=0.000), Max=(X=-2100.000 Y=-410.000 Z=160.000) RuntimeGrid:None EditorOnly:0 RuntimeOnly:0 HLODRelevant:1 ListedInSceneOutliner:1 IsMainWorldOnly:0
 |   |   |- [+] [  7]
 |   |   |   |- Guid:63736D1D4E988EDBC03045978936B2B8 BaseClass:/Game/PlatformGame/GameElements/Platforms/BP_DisapearingPlatform.BP_DisapearingPlatform_C NativeClass:/Script/Engine.Actor Name:BP_DisapearingPlatform_C_UAID_74563C66839BB1CD01_1549202804 Label:BP_DisapearingPlatform3 SpatiallyLoaded:1 Bounds:IsValid=true, Min=(X=-140.000 Y=-450.000 Z=60.000), Max=(X=-40.000 Y=-350.000 Z=160.000) RuntimeGrid:None EditorOnly:0 RuntimeOnly:0 HLODRelevant:0 ListedInSceneOutliner:1 IsMainWorldOnly:0
 |   |   |- [+] [  8]
 |   |   |   |- Guid:71BC3E3540F237F1102689AF92060454 BaseClass: NativeClass:/Script/Engine.StaticMeshActor Name:StaticMeshActor_UAID_74563C66839BAFCD01_1613427447 Label:Cube4 SpatiallyLoaded:1 Bounds:IsValid=true, Min=(X=20.000 Y=-280.000 Z=60.000), Max=(X=120.000 Y=-180.000 Z=160.000) RuntimeGrid:None EditorOnly:0 RuntimeOnly:0 HLODRelevant:1 ListedInSceneOutliner:1 IsMainWorldOnly:0
 |   |   |- [+] [  9]
 |   |   |   |- Guid:882512214A0135EEB4C100B0D7E5E63F BaseClass: NativeClass:/Script/Engine.StaticMeshActor Name:StaticMeshActor_UAID_74563C66839BF6CD01_1742630974 Label:Extrude4 SpatiallyLoaded:1 Bounds:IsValid=true, Min=(X=-1800.000 Y=800.000 Z=0.000), Max=(X=-1490.000 Y=950.000 Z=140.000) RuntimeGrid:None EditorOnly:0 RuntimeOnly:0 HLODRelevant:1 ListedInSceneOutliner:1 IsMainWorldOnly:0
 |   |   |- [+] [ 10]
 |   |   |   |- Guid:96EC906A476D94598591EA98E83AD53D BaseClass:/Game/PlatformGame/GameElements/Platforms/BP_DisapearingPlatform.BP_DisapearingPlatform_C NativeClass:/Script/Engine.Actor Name:BP_DisapearingPlatform_C_UAID_74563C66839BB1CD01_1550895805 Label:BP_DisapearingPlatform4 SpatiallyLoaded:1 Bounds:IsValid=true, Min=(X=30.000 Y=-450.000 Z=60.000), Max=(X=130.000 Y=-350.000 Z=160.000) RuntimeGrid:None EditorOnly:0 RuntimeOnly:0 HLODRelevant:0 ListedInSceneOutliner:1 IsMainWorldOnly:0
 |   |   |- [+] [ 11]
 |   |   |   |- Guid:982EAF274169B501552BD98D1977BBE7 BaseClass: NativeClass:/Script/Engine.StaticMeshActor Name:StaticMeshActor_UAID_74563C66839BF6CD01_1727059973 Label:Extrude3 SpatiallyLoaded:1 Bounds:IsValid=true, Min=(X=-1830.000 Y=940.000 Z=0.000), Max=(X=-1490.000 Y=1970.000 Z=140.000) RuntimeGrid:None EditorOnly:0 RuntimeOnly:0 HLODRelevant:1 ListedInSceneOutliner:1 IsMainWorldOnly:0
 |   |   |- [+] [ 12]
 |   |   |   |- Guid:9D9F686B42B6659133D54D9C63BC9CA4 BaseClass: NativeClass:/Script/Engine.StaticMeshActor Name:StaticMeshActor_UAID_74563C66839BAFCD01_1588607445 Label:Cube2 SpatiallyLoaded:1 Bounds:IsValid=true, Min=(X=-4150.000 Y=1710.000 Z=300.000), Max=(X=-4050.000 Y=1810.000 Z=400.000) RuntimeGrid:None EditorOnly:0 RuntimeOnly:0 HLODRelevant:1 ListedInSceneOutliner:1 IsMainWorldOnly:0
 |   |   |- [+] [ 13]
 |   |   |   |- Guid:B0ADAF3148C45F3D35B552A6439372D5 BaseClass: NativeClass:/Script/Engine.WorldDataLayers Name:WorldDataLayers Label:WorldDataLayers SpatiallyLoaded:0 Bounds:Invalid RuntimeGrid:None EditorOnly:0 RuntimeOnly:0 HLODRelevant:0 ListedInSceneOutliner:1 IsMainWorldOnly:1
 |   |   |- [+] [ 14]
 |   |   |   |- Guid:B4DD01B34BBC1C7F265548BA88703DA6 BaseClass:/Game/PlatformGame/GameElements/Platforms/BP_DisapearingPlatform.BP_DisapearingPlatform_C NativeClass:/Script/Engine.Actor Name:BP_DisapearingPlatform_C_UAID_74563C66839BB0CD01_2062243625 Label:BP_DisapearingPlatform SpatiallyLoaded:1 Bounds:IsValid=true, Min=(X=-330.000 Y=-280.000 Z=60.000), Max=(X=-230.000 Y=-180.000 Z=160.000) RuntimeGrid:None EditorOnly:0 RuntimeOnly:0 HLODRelevant:0 ListedInSceneOutliner:1 IsMainWorldOnly:0
 |   |   |- [+] [ 15]
 |   |   |   |- Guid:CF61E194443C6D6A3E504D801121CB38 BaseClass:/Game/PlatformGame/Maps/BPP_PA_FirstPlatform.BPP_PA_FirstPlatform_C NativeClass:/Script/Engine.PackedLevelActor Name:BPP_PA_FirstPlatform_C_UAID_74563C66839BFACD01_1751599674 Label:PA_FirstPlatform SpatiallyLoaded:1 Bounds:IsValid=true, Min=(X=244.321 Y=-1118.395 Z=-345.140), Max=(X=2331.505 Y=628.395 Z=525.802) RuntimeGrid:None EditorOnly:0 RuntimeOnly:0 HLODRelevant:1 ListedInSceneOutliner:1 IsMainWorldOnly:0
 |   |   |- [+] [ 16]
 |   |   |   |- Guid:CF70E42846555C6B8901C1B5FFF0077F BaseClass: NativeClass:/Script/Engine.DirectionalLight Name:DirectionalLight_UAID_74563C66839B67C801_1460373490 Label:DirectionalLight SpatiallyLoaded:0 Bounds:IsValid=true, Min=(X=-4398046511104.000 Y=-4398046511104.000 Z=-4398046511104.000), Max=(X=4398046511104.000 Y=4398046511104.000 Z=4398046511104.000) RuntimeGrid:None EditorOnly:0 RuntimeOnly:0 HLODRelevant:0 ListedInSceneOutliner:1 IsMainWorldOnly:0
 |   |   |- [+] [ 17]
 |   |   |   |- Guid:D0B82E0549ECC108EFE255B8A74EB12E BaseClass: NativeClass:/Script/Engine.SkyLight Name:SkyLight_UAID_74563C66839B67C801_1451360488 Label:SkyLight SpatiallyLoaded:0 Bounds:IsValid=true, Min=(X=1010.000 Y=0.000 Z=760.000), Max=(X=1010.000 Y=0.000 Z=760.000) RuntimeGrid:None EditorOnly:0 RuntimeOnly:0 HLODRelevant:0 ListedInSceneOutliner:1 IsMainWorldOnly:0
 |   |   |- [+] [ 18]
 |   |   |   |- Guid:DDEC54644EAC7C7203D64187B4D6D318 BaseClass: NativeClass:/Script/Engine.StaticMeshActor Name:StaticMeshActor_UAID_74563C66839BAFCD01_1529389444 Label:Cube SpatiallyLoaded:1 Bounds:IsValid=true, Min=(X=-160.000 Y=-280.000 Z=60.000), Max=(X=-60.000 Y=-180.000 Z=160.000) RuntimeGrid:None EditorOnly:0 RuntimeOnly:0 HLODRelevant:1 ListedInSceneOutliner:1 IsMainWorldOnly:0
 |   |   |- [+] [ 19]
 |   |   |   |- Guid:E1A9B0764943EFF82F8BD194F0731F9B BaseClass: NativeClass:/Script/Engine.StaticMeshActor Name:StaticMeshActor_UAID_74563C66839BAFCD01_1595027446 Label:Cube3 SpatiallyLoaded:1 Bounds:IsValid=true, Min=(X=-4150.000 Y=2380.000 Z=170.000), Max=(X=-4050.000 Y=2480.000 Z=270.000) RuntimeGrid:None EditorOnly:0 RuntimeOnly:0 HLODRelevant:1 ListedInSceneOutliner:1 IsMainWorldOnly:0
 |   |   |- [+] [ 20]
 |   |   |   |- Guid:FBDA829F4EEDE1DCD67947B4D6B8219E BaseClass: NativeClass:/Script/Engine.ExponentialHeightFog Name:ExponentialHeightFog_UAID_74563C66839B67C801_1463961492 Label:ExponentialHeightFog SpatiallyLoaded:0 Bounds:IsValid=true, Min=(X=1010.000 Y=0.000 Z=660.000), Max=(X=1010.000 Y=0.000 Z=660.000) RuntimeGrid:None EditorOnly:0 RuntimeOnly:0 HLODRelevant:0 ListedInSceneOutliner:1 IsMainWorldOnly:0
 |   |   |- [+] [ 21]
 |   |   |   |- Guid:FC14F50E4A757F0F9EB24D95BDA629F6 BaseClass: NativeClass:/Script/Engine.SkyAtmosphere Name:SkyAtmosphere_UAID_74563C66839B67C801_1458235489 Label:SkyAtmosphere SpatiallyLoaded:0 Bounds:IsValid=true, Min=(X=1010.000 Y=0.000 Z=520.000), Max=(X=1010.000 Y=0.000 Z=520.000) RuntimeGrid:None EditorOnly:0 RuntimeOnly:0 HLODRelevant:0 ListedInSceneOutliner:1 IsMainWorldOnly:0
 |- ContainerInstances:
 |- [+] MainContainer:
 |   |-        ID: 00000000000000000000000000000000
 |   |-  ParentID: 00000000000000000000000000000000
 |   |-    Bounds: IsValid=true, Min=(X=-4150.000 Y=-1503.072 Z=-370.000), Max=(X=2331.505 Y=3500.000 Z=525.802)
 |   |- Transform: 0.000000,0.000000,0.000000|0.000000,0.000000,-0.000000|1.000000,1.000000,1.000000
 |   |- Container: /Game/PlatformGame/Maps/M_Level01
----------------------------------------------------------------------------------------------------------------
M_Level01 - Persistent Level
----------------------------------------------------------------------------------------------------------------
[+] Content of M_Level01 Persistent Level
 |- Always loaded Actor Count: 29 
 |- Actor Path: /Game/PlatformGame/Maps/M_Level01.M_Level01:PersistentLevel.AbstractNavData-Default
 |- Actor Package: /Game/PlatformGame/Maps/M_Level01
 |- Actor Path: /Game/PlatformGame/Maps/M_Level01.M_Level01:PersistentLevel.BP_DisapearingPlatform_C_UAID_74563C66839BB0CD01_2062243625
 |- Actor Package: /Game/__ExternalActors__/PlatformGame/Maps/M_Level01/0/FI/EU8IBRE8L3YB2MLKLFS9R9
 |- Actor Path: /Game/PlatformGame/Maps/M_Level01.M_Level01:PersistentLevel.BP_DisapearingPlatform_C_UAID_74563C66839BB1CD01_1545209803
 |- Actor Package: /Game/__ExternalActors__/PlatformGame/Maps/M_Level01/E/MY/C0RR7ZGK6498FGQGJMFIKF
 |- Actor Path: /Game/PlatformGame/Maps/M_Level01.M_Level01:PersistentLevel.BP_DisapearingPlatform_C_UAID_74563C66839BB1CD01_1549202804
 |- Actor Package: /Game/__ExternalActors__/PlatformGame/Maps/M_Level01/C/5O/5AOF6435Q2IS49A6IIBAYE
 |- Actor Path: /Game/PlatformGame/Maps/M_Level01.M_Level01:PersistentLevel.BP_DisapearingPlatform_C_UAID_74563C66839BB1CD01_1550895805
 |- Actor Package: /Game/__ExternalActors__/PlatformGame/Maps/M_Level01/2/JO/92BEXG8C78DL819CYCKLHS
 |- Actor Path: /Game/PlatformGame/Maps/M_Level01.M_Level01:PersistentLevel.BPP_PA_FirstPlatform_C_UAID_74563C66839BFACD01_1751599674
 |- Actor Package: /Game/__ExternalActors__/PlatformGame/Maps/M_Level01/D/G2/G12ABT9IMOKXBHZE8HKEKA
 |- Actor Path: /Game/PlatformGame/Maps/M_Level01.M_Level01:PersistentLevel.BPP_PA_FirstPlatform_C_UAID_74563C66839BFACD01_1760721675
 |- Actor Package: /Game/__ExternalActors__/PlatformGame/Maps/M_Level01/B/79/9XNFHT4JHP2A1IICG9BSLP
 |- Actor Path: /Game/PlatformGame/Maps/M_Level01.M_Level01:PersistentLevel.Brush_0
 |- Actor Package: /Game/PlatformGame/Maps/M_Level01
 |- Actor Path: /Game/PlatformGame/Maps/M_Level01.M_Level01:PersistentLevel.DefaultPhysicsVolume_0
 |- Actor Package: /Game/PlatformGame/Maps/M_Level01
 |- Actor Path: /Game/PlatformGame/Maps/M_Level01.M_Level01:PersistentLevel.DirectionalLight_UAID_74563C66839B67C801_1460373490
 |- Actor Package: /Game/__ExternalActors__/PlatformGame/Maps/M_Level01/1/LP/AXHEO69FL0IO62GJC4MLTT
 |- Actor Path: /Game/PlatformGame/Maps/M_Level01.M_Level01:PersistentLevel.ExponentialHeightFog_UAID_74563C66839B67C801_1463961492
 |- Actor Package: /Game/__ExternalActors__/PlatformGame/Maps/M_Level01/4/BR/UZV54UUOK1KEX9ZA859HDD
 |- Actor Path: /Game/PlatformGame/Maps/M_Level01.M_Level01:PersistentLevel.GameplayDebuggerPlayerManager_0
 |- Actor Package: /Game/PlatformGame/Maps/M_Level01
 |- Actor Path: /Game/PlatformGame/Maps/M_Level01.M_Level01:PersistentLevel.M_Level01_C_12
 |- Actor Package: /Game/PlatformGame/Maps/M_Level01
 |- Actor Path: /Game/PlatformGame/Maps/M_Level01.M_Level01:PersistentLevel.PlayerStart_UAID_74563C66839BAECD01_1839396263
 |- Actor Package: /Game/__ExternalActors__/PlatformGame/Maps/M_Level01/E/A8/YJ3CFC08FWE1RKW5VMW4JF
 |- Actor Path: /Game/PlatformGame/Maps/M_Level01.M_Level01:PersistentLevel.SkyAtmosphere_UAID_74563C66839B67C801_1458235489
 |- Actor Package: /Game/__ExternalActors__/PlatformGame/Maps/M_Level01/0/NP/T2ZYVPGIEDXX6T43J52VFD
 |- Actor Path: /Game/PlatformGame/Maps/M_Level01.M_Level01:PersistentLevel.SkyLight_UAID_74563C66839B67C801_1451360488
 |- Actor Package: /Game/__ExternalActors__/PlatformGame/Maps/M_Level01/7/V1/VGXSLPS3EFP3PE58FQM71F
 |- Actor Path: /Game/PlatformGame/Maps/M_Level01.M_Level01:PersistentLevel.StaticMeshActor_UAID_74563C66839BAFCD01_1529389444
 |- Actor Package: /Game/__ExternalActors__/PlatformGame/Maps/M_Level01/1/2Z/GAHC4NT5S3FNOGYZXSCMJL
 |- Actor Path: /Game/PlatformGame/Maps/M_Level01.M_Level01:PersistentLevel.StaticMeshActor_UAID_74563C66839BAFCD01_1588607445
 |- Actor Package: /Game/__ExternalActors__/PlatformGame/Maps/M_Level01/A/LT/O2LAEC7L5UPTZKALYH5PCO
 |- Actor Path: /Game/PlatformGame/Maps/M_Level01.M_Level01:PersistentLevel.StaticMeshActor_UAID_74563C66839BAFCD01_1595027446
 |- Actor Package: /Game/__ExternalActors__/PlatformGame/Maps/M_Level01/0/EB/GN1UKMIOCB4FVFT6VSG4Z5
 |- Actor Path: /Game/PlatformGame/Maps/M_Level01.M_Level01:PersistentLevel.StaticMeshActor_UAID_74563C66839BAFCD01_1613427447
 |- Actor Package: /Game/__ExternalActors__/PlatformGame/Maps/M_Level01/0/LJ/5H1WLKIJPHHWLN727XU38U
 |- Actor Path: /Game/PlatformGame/Maps/M_Level01.M_Level01:PersistentLevel.StaticMeshActor_UAID_74563C66839BF6CD01_1697115971
 |- Actor Package: /Game/__ExternalActors__/PlatformGame/Maps/M_Level01/E/9T/C4LYUF720FLTH254V3N3OM
 |- Actor Path: /Game/PlatformGame/Maps/M_Level01.M_Level01:PersistentLevel.StaticMeshActor_UAID_74563C66839BF6CD01_1713783972
 |- Actor Package: /Game/__ExternalActors__/PlatformGame/Maps/M_Level01/6/AA/34K7G1B12QB13KMP9I1HOJ
 |- Actor Path: /Game/PlatformGame/Maps/M_Level01.M_Level01:PersistentLevel.StaticMeshActor_UAID_74563C66839BF6CD01_1727059973
 |- Actor Package: /Game/__ExternalActors__/PlatformGame/Maps/M_Level01/4/OU/J4BTJO66RUX817CQVR3FXN
 |- Actor Path: /Game/PlatformGame/Maps/M_Level01.M_Level01:PersistentLevel.StaticMeshActor_UAID_74563C66839BF6CD01_1742630974
 |- Actor Package: /Game/__ExternalActors__/PlatformGame/Maps/M_Level01/D/49/4K4GW32SES68NW26XY0KQB
 |- Actor Path: /Game/PlatformGame/Maps/M_Level01.M_Level01:PersistentLevel.StaticMeshActor_UAID_74563C66839BF6CD01_1762569975
 |- Actor Package: /Game/__ExternalActors__/PlatformGame/Maps/M_Level01/6/XF/F2QZBKESK2AUMWLHU5YESY
 |- Actor Path: /Game/PlatformGame/Maps/M_Level01.M_Level01:PersistentLevel.VolumetricCloud_UAID_74563C66839B67C801_1462972491
 |- Actor Package: /Game/__ExternalActors__/PlatformGame/Maps/M_Level01/5/G1/2831S6MX0L4U8J34ZPRNW5
 |- Actor Path: /Game/PlatformGame/Maps/M_Level01.M_Level01:PersistentLevel.WorldDataLayers
 |- Actor Package: /Game/__ExternalActors__/PlatformGame/Maps/M_Level01/C/S2/4YLFPCCM9H2WZ0126CCN77
 |- Actor Path: /Game/PlatformGame/Maps/M_Level01.M_Level01:PersistentLevel.WorldPartitionMiniMap_UAID_74563C66839B67C801_1425924487
 |- Actor Package: /Game/__ExternalActors__/PlatformGame/Maps/M_Level01/3/DC/YWZXZJZSVV7T8XYGCWD2X1
 |- Actor Path: /Game/PlatformGame/Maps/M_Level01.M_Level01:PersistentLevel.WorldSettings
 |- Actor Package: /Game/PlatformGame/Maps/M_Level01

----------------------------------------------------------------------------------------------------------------
M_Level01 - Runtime Spatial Hash - Streaming Grid - MainGrid
----------------------------------------------------------------------------------------------------------------
            Origin: X=0.000 Y=0.000 Z=0.000
         Cell Size: 12800
      World Bounds: IsValid=true, Min=(X=-4150.000 Y=-1503.072 Z=-370.000), Max=(X=2331.505 Y=3500.000 Z=525.802)
     Loading Range: 25600.00
Block Slow Loading: No
 ClientOnlyVisible: No
            Origin: X=0.000 Y=0.000 Z=0.000

[+] Grid Levels: 2
 |- Level  0: Cell Count    1 | Cell Size   12800 | Actor Count   15 (100.0%)
 |- Level  1: Cell Count    0 | Cell Size   25600 | Actor Count    0 (0.0%)

[+] Content of Grid Level 0
 |- [+] Content of Cell M_Level01_MainGrid_L0_X0_Y0 (DH6RRIFYYTZJMDX10QJRFF6M1)
 |   |- Actor Count: 15
 |   |-          Actor Path: /Game/PlatformGame/Maps/M_Level01.M_Level01:PersistentLevel.BPP_PA_FirstPlatform_C_UAID_74563C66839BFACD01_1760721675
 |   |-       Actor Package: /Game/__ExternalActors__/PlatformGame/Maps/M_Level01/B/79/9XNFHT4JHP2A1IICG9BSLP
 |   |- Actor Instance Guid: 17694EFB4A3A4FE2D734919DD079195E
 |   |-          Actor Path: /Game/PlatformGame/Maps/M_Level01.M_Level01:PersistentLevel.BP_DisapearingPlatform_C_UAID_74563C66839BB1CD01_1545209803
 |   |-       Actor Package: /Game/__ExternalActors__/PlatformGame/Maps/M_Level01/E/MY/C0RR7ZGK6498FGQGJMFIKF
 |   |- Actor Instance Guid: 1992344F4988FE94D2FD54BF2CFB28CF
 |   |-          Actor Path: /Game/PlatformGame/Maps/M_Level01.M_Level01:PersistentLevel.StaticMeshActor_UAID_74563C66839BF6CD01_1697115971
 |   |-       Actor Package: /Game/__ExternalActors__/PlatformGame/Maps/M_Level01/E/9T/C4LYUF720FLTH254V3N3OM
 |   |- Actor Instance Guid: 1EB1E94B4C5F49A2FEB756AB607260C6
 |   |-          Actor Path: /Game/PlatformGame/Maps/M_Level01.M_Level01:PersistentLevel.StaticMeshActor_UAID_74563C66839BF6CD01_1762569975
 |   |-       Actor Package: /Game/__ExternalActors__/PlatformGame/Maps/M_Level01/6/XF/F2QZBKESK2AUMWLHU5YESY
 |   |- Actor Instance Guid: 4B015E264EE88D287BE2EABA2B6C6F8C
 |   |-          Actor Path: /Game/PlatformGame/Maps/M_Level01.M_Level01:PersistentLevel.StaticMeshActor_UAID_74563C66839BF6CD01_1713783972
 |   |-       Actor Package: /Game/__ExternalActors__/PlatformGame/Maps/M_Level01/6/AA/34K7G1B12QB13KMP9I1HOJ
 |   |- Actor Instance Guid: 57263B544AF2CB9DFA4059A9361519F1
 |   |-          Actor Path: /Game/PlatformGame/Maps/M_Level01.M_Level01:PersistentLevel.BP_DisapearingPlatform_C_UAID_74563C66839BB1CD01_1549202804
 |   |-       Actor Package: /Game/__ExternalActors__/PlatformGame/Maps/M_Level01/C/5O/5AOF6435Q2IS49A6IIBAYE
 |   |- Actor Instance Guid: 63736D1D4E988EDBC03045978936B2B8
 |   |-          Actor Path: /Game/PlatformGame/Maps/M_Level01.M_Level01:PersistentLevel.StaticMeshActor_UAID_74563C66839BAFCD01_1613427447
 |   |-       Actor Package: /Game/__ExternalActors__/PlatformGame/Maps/M_Level01/0/LJ/5H1WLKIJPHHWLN727XU38U
 |   |- Actor Instance Guid: 71BC3E3540F237F1102689AF92060454
 |   |-          Actor Path: /Game/PlatformGame/Maps/M_Level01.M_Level01:PersistentLevel.StaticMeshActor_UAID_74563C66839BF6CD01_1742630974
 |   |-       Actor Package: /Game/__ExternalActors__/PlatformGame/Maps/M_Level01/D/49/4K4GW32SES68NW26XY0KQB
 |   |- Actor Instance Guid: 882512214A0135EEB4C100B0D7E5E63F
 |   |-          Actor Path: /Game/PlatformGame/Maps/M_Level01.M_Level01:PersistentLevel.BP_DisapearingPlatform_C_UAID_74563C66839BB1CD01_1550895805
 |   |-       Actor Package: /Game/__ExternalActors__/PlatformGame/Maps/M_Level01/2/JO/92BEXG8C78DL819CYCKLHS
 |   |- Actor Instance Guid: 96EC906A476D94598591EA98E83AD53D
 |   |-          Actor Path: /Game/PlatformGame/Maps/M_Level01.M_Level01:PersistentLevel.StaticMeshActor_UAID_74563C66839BF6CD01_1727059973
 |   |-       Actor Package: /Game/__ExternalActors__/PlatformGame/Maps/M_Level01/4/OU/J4BTJO66RUX817CQVR3FXN
 |   |- Actor Instance Guid: 982EAF274169B501552BD98D1977BBE7
 |   |-          Actor Path: /Game/PlatformGame/Maps/M_Level01.M_Level01:PersistentLevel.StaticMeshActor_UAID_74563C66839BAFCD01_1588607445
 |   |-       Actor Package: /Game/__ExternalActors__/PlatformGame/Maps/M_Level01/A/LT/O2LAEC7L5UPTZKALYH5PCO
 |   |- Actor Instance Guid: 9D9F686B42B6659133D54D9C63BC9CA4
 |   |-          Actor Path: /Game/PlatformGame/Maps/M_Level01.M_Level01:PersistentLevel.BP_DisapearingPlatform_C_UAID_74563C66839BB0CD01_2062243625
 |   |-       Actor Package: /Game/__ExternalActors__/PlatformGame/Maps/M_Level01/0/FI/EU8IBRE8L3YB2MLKLFS9R9
 |   |- Actor Instance Guid: B4DD01B34BBC1C7F265548BA88703DA6
 |   |-          Actor Path: /Game/PlatformGame/Maps/M_Level01.M_Level01:PersistentLevel.BPP_PA_FirstPlatform_C_UAID_74563C66839BFACD01_1751599674
 |   |-       Actor Package: /Game/__ExternalActors__/PlatformGame/Maps/M_Level01/D/G2/G12ABT9IMOKXBHZE8HKEKA
 |   |- Actor Instance Guid: CF61E194443C6D6A3E504D801121CB38
 |   |-          Actor Path: /Game/PlatformGame/Maps/M_Level01.M_Level01:PersistentLevel.StaticMeshActor_UAID_74563C66839BAFCD01_1529389444
 |   |-       Actor Package: /Game/__ExternalActors__/PlatformGame/Maps/M_Level01/1/2Z/GAHC4NT5S3FNOGYZXSCMJL
 |   |- Actor Instance Guid: DDEC54644EAC7C7203D64187B4D6D318
 |   |-          Actor Path: /Game/PlatformGame/Maps/M_Level01.M_Level01:PersistentLevel.StaticMeshActor_UAID_74563C66839BAFCD01_1595027446
 |   |-       Actor Package: /Game/__ExternalActors__/PlatformGame/Maps/M_Level01/0/EB/GN1UKMIOCB4FVFT6VSG4Z5
 |   |- Actor Instance Guid: E1A9B0764943EFF82F8BD194F0731F9B
[+] Content of Grid Level 1

