[+] Containers:
 |- [+] Container: /Game/PlatformGame/Maps/M_Level01
 |   |- [+] ActorDescs:
 |   |   |- Guid:03C8E657451C478E92C05BA09A246FFD BaseClass: NativeClass:/Script/Engine.PlayerStart Name:PlayerStart_UAID_74563C66839BAECD01_1839396263 Label:PlayerStart SpatiallyLoaded:0 Bounds:IsValid=true, Min=(X=-93.242 Y=-100.911 Z=52.027), Max=(X=-13.242 Y=-20.911 Z=236.027) RuntimeGrid:None EditorOnly:0 RuntimeOnly:0 HLODRelevant:0 ListedInSceneOutliner:1 IsMainWorldOnly:0
 |   |   |- Guid:3FF17F0B4098AD3059B45C86DC058D4F BaseClass: NativeClass:/Script/Engine.VolumetricCloud Name:VolumetricCloud_UAID_74563C66839B67C801_1462972491 Label:VolumetricCloud SpatiallyLoaded:0 Bounds:IsValid=true, Min=(X=0.000 Y=0.000 Z=470.000), Max=(X=0.000 Y=0.000 Z=470.000) RuntimeGrid:None EditorOnly:0 RuntimeOnly:0 HLODRelevant:0 ListedInSceneOutliner:1 IsMainWorldOnly:0
 |   |   |- Guid:71BC3E3540F237F1102689AF92060454 BaseClass: NativeClass:/Script/Engine.StaticMeshActor Name:StaticMeshActor_UAID_74563C66839BAFCD01_1613427447 Label:Cube4 SpatiallyLoaded:1 Bounds:IsValid=true, Min=(X=-4740.000 Y=1350.000 Z=350.000), Max=(X=-4640.000 Y=1450.000 Z=450.000) RuntimeGrid:None EditorOnly:0 RuntimeOnly:0 HLODRelevant:1 ListedInSceneOutliner:1 IsMainWorldOnly:0
 |   |   |- Guid:86B39BE9424A4500250FD28E985DF291 BaseClass: NativeClass:/Script/Engine.StaticMeshActor Name:StaticMeshActor_UAID_74563C66839B99CD01_1583083567 Label:Box SpatiallyLoaded:1 Bounds:IsValid=true, Min=(X=-565.000 Y=-665.000 Z=-160.000), Max=(X=565.000 Y=665.000 Z=50.000) RuntimeGrid:None EditorOnly:0 RuntimeOnly:0 HLODRelevant:1 ListedInSceneOutliner:1 IsMainWorldOnly:0
 |   |   |- Guid:9D9F686B42B6659133D54D9C63BC9CA4 BaseClass: NativeClass:/Script/Engine.StaticMeshActor Name:StaticMeshActor_UAID_74563C66839BAFCD01_1588607445 Label:Cube2 SpatiallyLoaded:1 Bounds:IsValid=true, Min=(X=-4150.000 Y=1710.000 Z=300.000), Max=(X=-4050.000 Y=1810.000 Z=400.000) RuntimeGrid:None EditorOnly:0 RuntimeOnly:0 HLODRelevant:1 ListedInSceneOutliner:1 IsMainWorldOnly:0
 |   |   |- Guid:B0ADAF3148C45F3D35B552A6439372D5 BaseClass: NativeClass:/Script/Engine.WorldDataLayers Name:WorldDataLayers Label:WorldDataLayers SpatiallyLoaded:0 Bounds:Invalid RuntimeGrid:None EditorOnly:0 RuntimeOnly:0 HLODRelevant:0 ListedInSceneOutliner:1 IsMainWorldOnly:1
 |   |   |- Guid:B10892F74019629C5089B0BB6FF53BB2 BaseClass: NativeClass:/Script/Engine.StaticMeshActor Name:StaticMeshActor_UAID_74563C66839BAECD01_2126450267 Label:CubeGridToolOutput SpatiallyLoaded:1 Bounds:IsValid=true, Min=(X=-5800.000 Y=-600.000 Z=-0.000), Max=(X=-800.000 Y=4000.000 Z=400.000) RuntimeGrid:None EditorOnly:0 RuntimeOnly:0 HLODRelevant:1 ListedInSceneOutliner:1 IsMainWorldOnly:0
 |   |   |- Guid:CF70E42846555C6B8901C1B5FFF0077F BaseClass: NativeClass:/Script/Engine.DirectionalLight Name:DirectionalLight_UAID_74563C66839B67C801_1460373490 Label:DirectionalLight SpatiallyLoaded:0 Bounds:IsValid=true, Min=(X=-4398046511104.000 Y=-4398046511104.000 Z=-4398046511104.000), Max=(X=4398046511104.000 Y=4398046511104.000 Z=4398046511104.000) RuntimeGrid:None EditorOnly:0 RuntimeOnly:0 HLODRelevant:0 ListedInSceneOutliner:1 IsMainWorldOnly:0
 |   |   |- Guid:D0B82E0549ECC108EFE255B8A74EB12E BaseClass: NativeClass:/Script/Engine.SkyLight Name:SkyLight_UAID_74563C66839B67C801_1451360488 Label:SkyLight SpatiallyLoaded:0 Bounds:IsValid=true, Min=(X=0.000 Y=0.000 Z=760.000), Max=(X=0.000 Y=0.000 Z=760.000) RuntimeGrid:None EditorOnly:0 RuntimeOnly:0 HLODRelevant:0 ListedInSceneOutliner:1 IsMainWorldOnly:0
 |   |   |- Guid:D36B42C44D7BE2245B1B6C821035DC75 BaseClass: NativeClass:/Script/Engine.StaticMeshActor Name:StaticMeshActor_UAID_74563C66839BAFCD01_1615510448 Label:Cube5 SpatiallyLoaded:1 Bounds:IsValid=true, Min=(X=-5090.000 Y=1350.000 Z=350.000), Max=(X=-4990.000 Y=1450.000 Z=450.000) RuntimeGrid:None EditorOnly:0 RuntimeOnly:0 HLODRelevant:1 ListedInSceneOutliner:1 IsMainWorldOnly:0
 |   |   |- Guid:DDEC54644EAC7C7203D64187B4D6D318 BaseClass: NativeClass:/Script/Engine.StaticMeshActor Name:StaticMeshActor_UAID_74563C66839BAFCD01_1529389444 Label:Cube SpatiallyLoaded:1 Bounds:IsValid=true, Min=(X=-4920.000 Y=1350.000 Z=350.000), Max=(X=-4820.000 Y=1450.000 Z=450.000) RuntimeGrid:None EditorOnly:0 RuntimeOnly:0 HLODRelevant:1 ListedInSceneOutliner:1 IsMainWorldOnly:0
 |   |   |- Guid:E1A9B0764943EFF82F8BD194F0731F9B BaseClass: NativeClass:/Script/Engine.StaticMeshActor Name:StaticMeshActor_UAID_74563C66839BAFCD01_1595027446 Label:Cube3 SpatiallyLoaded:1 Bounds:IsValid=true, Min=(X=-4150.000 Y=2380.000 Z=170.000), Max=(X=-4050.000 Y=2480.000 Z=270.000) RuntimeGrid:None EditorOnly:0 RuntimeOnly:0 HLODRelevant:1 ListedInSceneOutliner:1 IsMainWorldOnly:0
 |   |   |- Guid:FBDA829F4EEDE1DCD67947B4D6B8219E BaseClass: NativeClass:/Script/Engine.ExponentialHeightFog Name:ExponentialHeightFog_UAID_74563C66839B67C801_1463961492 Label:ExponentialHeightFog SpatiallyLoaded:0 Bounds:IsValid=true, Min=(X=0.000 Y=0.000 Z=660.000), Max=(X=0.000 Y=0.000 Z=660.000) RuntimeGrid:None EditorOnly:0 RuntimeOnly:0 HLODRelevant:0 ListedInSceneOutliner:1 IsMainWorldOnly:0
 |   |   |- Guid:FC14F50E4A757F0F9EB24D95BDA629F6 BaseClass: NativeClass:/Script/Engine.SkyAtmosphere Name:SkyAtmosphere_UAID_74563C66839B67C801_1458235489 Label:SkyAtmosphere SpatiallyLoaded:0 Bounds:IsValid=true, Min=(X=0.000 Y=0.000 Z=520.000), Max=(X=0.000 Y=0.000 Z=520.000) RuntimeGrid:None EditorOnly:0 RuntimeOnly:0 HLODRelevant:0 ListedInSceneOutliner:1 IsMainWorldOnly:0
 |   |- [+] Clusters:
 |   |   |- [+] [  0]
 |   |   |   |- Guid:03C8E657451C478E92C05BA09A246FFD BaseClass: NativeClass:/Script/Engine.PlayerStart Name:PlayerStart_UAID_74563C66839BAECD01_1839396263 Label:PlayerStart SpatiallyLoaded:0 Bounds:IsValid=true, Min=(X=-93.242 Y=-100.911 Z=52.027), Max=(X=-13.242 Y=-20.911 Z=236.027) RuntimeGrid:None EditorOnly:0 RuntimeOnly:0 HLODRelevant:0 ListedInSceneOutliner:1 IsMainWorldOnly:0
 |   |   |- [+] [  1]
 |   |   |   |- Guid:3FF17F0B4098AD3059B45C86DC058D4F BaseClass: NativeClass:/Script/Engine.VolumetricCloud Name:VolumetricCloud_UAID_74563C66839B67C801_1462972491 Label:VolumetricCloud SpatiallyLoaded:0 Bounds:IsValid=true, Min=(X=0.000 Y=0.000 Z=470.000), Max=(X=0.000 Y=0.000 Z=470.000) RuntimeGrid:None EditorOnly:0 RuntimeOnly:0 HLODRelevant:0 ListedInSceneOutliner:1 IsMainWorldOnly:0
 |   |   |- [+] [  2]
 |   |   |   |- Guid:71BC3E3540F237F1102689AF92060454 BaseClass: NativeClass:/Script/Engine.StaticMeshActor Name:StaticMeshActor_UAID_74563C66839BAFCD01_1613427447 Label:Cube4 SpatiallyLoaded:1 Bounds:IsValid=true, Min=(X=-4740.000 Y=1350.000 Z=350.000), Max=(X=-4640.000 Y=1450.000 Z=450.000) RuntimeGrid:None EditorOnly:0 RuntimeOnly:0 HLODRelevant:1 ListedInSceneOutliner:1 IsMainWorldOnly:0
 |   |   |- [+] [  3]
 |   |   |   |- Guid:86B39BE9424A4500250FD28E985DF291 BaseClass: NativeClass:/Script/Engine.StaticMeshActor Name:StaticMeshActor_UAID_74563C66839B99CD01_1583083567 Label:Box SpatiallyLoaded:1 Bounds:IsValid=true, Min=(X=-565.000 Y=-665.000 Z=-160.000), Max=(X=565.000 Y=665.000 Z=50.000) RuntimeGrid:None EditorOnly:0 RuntimeOnly:0 HLODRelevant:1 ListedInSceneOutliner:1 IsMainWorldOnly:0
 |   |   |- [+] [  4]
 |   |   |   |- Guid:9D9F686B42B6659133D54D9C63BC9CA4 BaseClass: NativeClass:/Script/Engine.StaticMeshActor Name:StaticMeshActor_UAID_74563C66839BAFCD01_1588607445 Label:Cube2 SpatiallyLoaded:1 Bounds:IsValid=true, Min=(X=-4150.000 Y=1710.000 Z=300.000), Max=(X=-4050.000 Y=1810.000 Z=400.000) RuntimeGrid:None EditorOnly:0 RuntimeOnly:0 HLODRelevant:1 ListedInSceneOutliner:1 IsMainWorldOnly:0
 |   |   |- [+] [  5]
 |   |   |   |- Guid:B0ADAF3148C45F3D35B552A6439372D5 BaseClass: NativeClass:/Script/Engine.WorldDataLayers Name:WorldDataLayers Label:WorldDataLayers SpatiallyLoaded:0 Bounds:Invalid RuntimeGrid:None EditorOnly:0 RuntimeOnly:0 HLODRelevant:0 ListedInSceneOutliner:1 IsMainWorldOnly:1
 |   |   |- [+] [  6]
 |   |   |   |- Guid:B10892F74019629C5089B0BB6FF53BB2 BaseClass: NativeClass:/Script/Engine.StaticMeshActor Name:StaticMeshActor_UAID_74563C66839BAECD01_2126450267 Label:CubeGridToolOutput SpatiallyLoaded:1 Bounds:IsValid=true, Min=(X=-5800.000 Y=-600.000 Z=-0.000), Max=(X=-800.000 Y=4000.000 Z=400.000) RuntimeGrid:None EditorOnly:0 RuntimeOnly:0 HLODRelevant:1 ListedInSceneOutliner:1 IsMainWorldOnly:0
 |   |   |- [+] [  7]
 |   |   |   |- Guid:CF70E42846555C6B8901C1B5FFF0077F BaseClass: NativeClass:/Script/Engine.DirectionalLight Name:DirectionalLight_UAID_74563C66839B67C801_1460373490 Label:DirectionalLight SpatiallyLoaded:0 Bounds:IsValid=true, Min=(X=-4398046511104.000 Y=-4398046511104.000 Z=-4398046511104.000), Max=(X=4398046511104.000 Y=4398046511104.000 Z=4398046511104.000) RuntimeGrid:None EditorOnly:0 RuntimeOnly:0 HLODRelevant:0 ListedInSceneOutliner:1 IsMainWorldOnly:0
 |   |   |- [+] [  8]
 |   |   |   |- Guid:D0B82E0549ECC108EFE255B8A74EB12E BaseClass: NativeClass:/Script/Engine.SkyLight Name:SkyLight_UAID_74563C66839B67C801_1451360488 Label:SkyLight SpatiallyLoaded:0 Bounds:IsValid=true, Min=(X=0.000 Y=0.000 Z=760.000), Max=(X=0.000 Y=0.000 Z=760.000) RuntimeGrid:None EditorOnly:0 RuntimeOnly:0 HLODRelevant:0 ListedInSceneOutliner:1 IsMainWorldOnly:0
 |   |   |- [+] [  9]
 |   |   |   |- Guid:D36B42C44D7BE2245B1B6C821035DC75 BaseClass: NativeClass:/Script/Engine.StaticMeshActor Name:StaticMeshActor_UAID_74563C66839BAFCD01_1615510448 Label:Cube5 SpatiallyLoaded:1 Bounds:IsValid=true, Min=(X=-5090.000 Y=1350.000 Z=350.000), Max=(X=-4990.000 Y=1450.000 Z=450.000) RuntimeGrid:None EditorOnly:0 RuntimeOnly:0 HLODRelevant:1 ListedInSceneOutliner:1 IsMainWorldOnly:0
 |   |   |- [+] [ 10]
 |   |   |   |- Guid:DDEC54644EAC7C7203D64187B4D6D318 BaseClass: NativeClass:/Script/Engine.StaticMeshActor Name:StaticMeshActor_UAID_74563C66839BAFCD01_1529389444 Label:Cube SpatiallyLoaded:1 Bounds:IsValid=true, Min=(X=-4920.000 Y=1350.000 Z=350.000), Max=(X=-4820.000 Y=1450.000 Z=450.000) RuntimeGrid:None EditorOnly:0 RuntimeOnly:0 HLODRelevant:1 ListedInSceneOutliner:1 IsMainWorldOnly:0
 |   |   |- [+] [ 11]
 |   |   |   |- Guid:E1A9B0764943EFF82F8BD194F0731F9B BaseClass: NativeClass:/Script/Engine.StaticMeshActor Name:StaticMeshActor_UAID_74563C66839BAFCD01_1595027446 Label:Cube3 SpatiallyLoaded:1 Bounds:IsValid=true, Min=(X=-4150.000 Y=2380.000 Z=170.000), Max=(X=-4050.000 Y=2480.000 Z=270.000) RuntimeGrid:None EditorOnly:0 RuntimeOnly:0 HLODRelevant:1 ListedInSceneOutliner:1 IsMainWorldOnly:0
 |   |   |- [+] [ 12]
 |   |   |   |- Guid:FBDA829F4EEDE1DCD67947B4D6B8219E BaseClass: NativeClass:/Script/Engine.ExponentialHeightFog Name:ExponentialHeightFog_UAID_74563C66839B67C801_1463961492 Label:ExponentialHeightFog SpatiallyLoaded:0 Bounds:IsValid=true, Min=(X=0.000 Y=0.000 Z=660.000), Max=(X=0.000 Y=0.000 Z=660.000) RuntimeGrid:None EditorOnly:0 RuntimeOnly:0 HLODRelevant:0 ListedInSceneOutliner:1 IsMainWorldOnly:0
 |   |   |- [+] [ 13]
 |   |   |   |- Guid:FC14F50E4A757F0F9EB24D95BDA629F6 BaseClass: NativeClass:/Script/Engine.SkyAtmosphere Name:SkyAtmosphere_UAID_74563C66839B67C801_1458235489 Label:SkyAtmosphere SpatiallyLoaded:0 Bounds:IsValid=true, Min=(X=0.000 Y=0.000 Z=520.000), Max=(X=0.000 Y=0.000 Z=520.000) RuntimeGrid:None EditorOnly:0 RuntimeOnly:0 HLODRelevant:0 ListedInSceneOutliner:1 IsMainWorldOnly:0
 |- ContainerInstances:
 |- [+] MainContainer:
 |   |-        ID: 00000000000000000000000000000000
 |   |-  ParentID: 00000000000000000000000000000000
 |   |-    Bounds: IsValid=true, Min=(X=-5800.000 Y=-665.000 Z=-160.000), Max=(X=565.000 Y=4000.000 Z=450.000)
 |   |- Transform: 0.000000,0.000000,0.000000|0.000000,0.000000,-0.000000|1.000000,1.000000,1.000000
 |   |- Container: /Game/PlatformGame/Maps/M_Level01
----------------------------------------------------------------------------------------------------------------
M_Level01 - Persistent Level
----------------------------------------------------------------------------------------------------------------
[+] Content of M_Level01 Persistent Level
 |- Always loaded Actor Count: 21 
 |- Actor Path: /Game/PlatformGame/Maps/M_Level01.M_Level01:PersistentLevel.AbstractNavData-Default
 |- Actor Package: /Game/PlatformGame/Maps/M_Level01
 |- Actor Path: /Game/PlatformGame/Maps/M_Level01.M_Level01:PersistentLevel.Brush_0
 |- Actor Package: /Game/PlatformGame/Maps/M_Level01
 |- Actor Path: /Game/PlatformGame/Maps/M_Level01.M_Level01:PersistentLevel.DefaultPhysicsVolume_0
 |- Actor Package: /Game/PlatformGame/Maps/M_Level01
 |- Actor Path: /Game/PlatformGame/Maps/M_Level01.M_Level01:PersistentLevel.DirectionalLight_UAID_74563C66839B67C801_1460373490
 |- Actor Package: /Game/__ExternalActors__/PlatformGame/Maps/M_Level01/1/LP/AXHEO69FL0IO62GJC4MLTT
 |- Actor Path: /Game/PlatformGame/Maps/M_Level01.M_Level01:PersistentLevel.ExponentialHeightFog_UAID_74563C66839B67C801_1463961492
 |- Actor Package: /Game/__ExternalActors__/PlatformGame/Maps/M_Level01/4/BR/UZV54UUOK1KEX9ZA859HDD
 |- Actor Path: /Game/PlatformGame/Maps/M_Level01.M_Level01:PersistentLevel.GameplayDebuggerPlayerManager_0
 |- Actor Package: /Game/PlatformGame/Maps/M_Level01
 |- Actor Path: /Game/PlatformGame/Maps/M_Level01.M_Level01:PersistentLevel.M_Level01_C_0
 |- Actor Package: /Game/PlatformGame/Maps/M_Level01
 |- Actor Path: /Game/PlatformGame/Maps/M_Level01.M_Level01:PersistentLevel.PlayerStart_UAID_74563C66839BAECD01_1839396263
 |- Actor Package: /Game/__ExternalActors__/PlatformGame/Maps/M_Level01/E/A8/YJ3CFC08FWE1RKW5VMW4JF
 |- Actor Path: /Game/PlatformGame/Maps/M_Level01.M_Level01:PersistentLevel.SkyAtmosphere_UAID_74563C66839B67C801_1458235489
 |- Actor Package: /Game/__ExternalActors__/PlatformGame/Maps/M_Level01/0/NP/T2ZYVPGIEDXX6T43J52VFD
 |- Actor Path: /Game/PlatformGame/Maps/M_Level01.M_Level01:PersistentLevel.SkyLight_UAID_74563C66839B67C801_1451360488
 |- Actor Package: /Game/__ExternalActors__/PlatformGame/Maps/M_Level01/7/V1/VGXSLPS3EFP3PE58FQM71F
 |- Actor Path: /Game/PlatformGame/Maps/M_Level01.M_Level01:PersistentLevel.StaticMeshActor_UAID_74563C66839B99CD01_1583083567
 |- Actor Package: /Game/__ExternalActors__/PlatformGame/Maps/M_Level01/1/5F/V4CQIBDCDB9OZE6M7042MK
 |- Actor Path: /Game/PlatformGame/Maps/M_Level01.M_Level01:PersistentLevel.StaticMeshActor_UAID_74563C66839BAECD01_2126450267
 |- Actor Package: /Game/__ExternalActors__/PlatformGame/Maps/M_Level01/2/ZS/1UADDR9N6IS7EAZOC6Q6D9
 |- Actor Path: /Game/PlatformGame/Maps/M_Level01.M_Level01:PersistentLevel.StaticMeshActor_UAID_74563C66839BAFCD01_1529389444
 |- Actor Package: /Game/__ExternalActors__/PlatformGame/Maps/M_Level01/1/2Z/GAHC4NT5S3FNOGYZXSCMJL
 |- Actor Path: /Game/PlatformGame/Maps/M_Level01.M_Level01:PersistentLevel.StaticMeshActor_UAID_74563C66839BAFCD01_1588607445
 |- Actor Package: /Game/__ExternalActors__/PlatformGame/Maps/M_Level01/A/LT/O2LAEC7L5UPTZKALYH5PCO
 |- Actor Path: /Game/PlatformGame/Maps/M_Level01.M_Level01:PersistentLevel.StaticMeshActor_UAID_74563C66839BAFCD01_1595027446
 |- Actor Package: /Game/__ExternalActors__/PlatformGame/Maps/M_Level01/0/EB/GN1UKMIOCB4FVFT6VSG4Z5
 |- Actor Path: /Game/PlatformGame/Maps/M_Level01.M_Level01:PersistentLevel.StaticMeshActor_UAID_74563C66839BAFCD01_1613427447
 |- Actor Package: /Game/__ExternalActors__/PlatformGame/Maps/M_Level01/0/LJ/5H1WLKIJPHHWLN727XU38U
 |- Actor Path: /Game/PlatformGame/Maps/M_Level01.M_Level01:PersistentLevel.StaticMeshActor_UAID_74563C66839BAFCD01_1615510448
 |- Actor Package: /Game/__ExternalActors__/PlatformGame/Maps/M_Level01/A/II/TYFTHZZJHVL76Q9GHR0CX4
 |- Actor Path: /Game/PlatformGame/Maps/M_Level01.M_Level01:PersistentLevel.VolumetricCloud_UAID_74563C66839B67C801_1462972491
 |- Actor Package: /Game/__ExternalActors__/PlatformGame/Maps/M_Level01/5/G1/2831S6MX0L4U8J34ZPRNW5
 |- Actor Path: /Game/PlatformGame/Maps/M_Level01.M_Level01:PersistentLevel.WorldDataLayers
 |- Actor Package: /Game/__ExternalActors__/PlatformGame/Maps/M_Level01/C/S2/4YLFPCCM9H2WZ0126CCN77
 |- Actor Path: /Game/PlatformGame/Maps/M_Level01.M_Level01:PersistentLevel.WorldPartitionMiniMap_UAID_74563C66839B67C801_1425924487
 |- Actor Package: /Game/__ExternalActors__/PlatformGame/Maps/M_Level01/3/DC/YWZXZJZSVV7T8XYGCWD2X1
 |- Actor Path: /Game/PlatformGame/Maps/M_Level01.M_Level01:PersistentLevel.WorldSettings
 |- Actor Package: /Game/PlatformGame/Maps/M_Level01

----------------------------------------------------------------------------------------------------------------
M_Level01 - Runtime Spatial Hash - Streaming Grid - MainGrid
----------------------------------------------------------------------------------------------------------------
            Origin: X=0.000 Y=0.000 Z=0.000
         Cell Size: 12800
      World Bounds: IsValid=true, Min=(X=-5800.000 Y=-665.000 Z=-160.000), Max=(X=565.000 Y=4000.000 Z=450.000)
     Loading Range: 25600.00
Block Slow Loading: No
 ClientOnlyVisible: No
            Origin: X=0.000 Y=0.000 Z=0.000

[+] Grid Levels: 2
 |- Level  0: Cell Count    1 | Cell Size   12800 | Actor Count    6 (100.0%)
 |- Level  1: Cell Count    0 | Cell Size   25600 | Actor Count    0 (0.0%)

[+] Content of Grid Level 0
 |- [+] Content of Cell M_Level01_MainGrid_L0_X0_Y0 (DH6RRIFYYTZJMDX10QJRFF6M1)
 |   |- Actor Count: 6
 |   |-          Actor Path: /Game/PlatformGame/Maps/M_Level01.M_Level01:PersistentLevel.StaticMeshActor_UAID_74563C66839BAFCD01_1613427447
 |   |-       Actor Package: /Game/__ExternalActors__/PlatformGame/Maps/M_Level01/0/LJ/5H1WLKIJPHHWLN727XU38U
 |   |- Actor Instance Guid: 71BC3E3540F237F1102689AF92060454
 |   |-          Actor Path: /Game/PlatformGame/Maps/M_Level01.M_Level01:PersistentLevel.StaticMeshActor_UAID_74563C66839B99CD01_1583083567
 |   |-       Actor Package: /Game/__ExternalActors__/PlatformGame/Maps/M_Level01/1/5F/V4CQIBDCDB9OZE6M7042MK
 |   |- Actor Instance Guid: 86B39BE9424A4500250FD28E985DF291
 |   |-          Actor Path: /Game/PlatformGame/Maps/M_Level01.M_Level01:PersistentLevel.StaticMeshActor_UAID_74563C66839BAFCD01_1588607445
 |   |-       Actor Package: /Game/__ExternalActors__/PlatformGame/Maps/M_Level01/A/LT/O2LAEC7L5UPTZKALYH5PCO
 |   |- Actor Instance Guid: 9D9F686B42B6659133D54D9C63BC9CA4
 |   |-          Actor Path: /Game/PlatformGame/Maps/M_Level01.M_Level01:PersistentLevel.StaticMeshActor_UAID_74563C66839BAECD01_2126450267
 |   |-       Actor Package: /Game/__ExternalActors__/PlatformGame/Maps/M_Level01/2/ZS/1UADDR9N6IS7EAZOC6Q6D9
 |   |- Actor Instance Guid: B10892F74019629C5089B0BB6FF53BB2
 |   |-          Actor Path: /Game/PlatformGame/Maps/M_Level01.M_Level01:PersistentLevel.StaticMeshActor_UAID_74563C66839BAFCD01_1529389444
 |   |-       Actor Package: /Game/__ExternalActors__/PlatformGame/Maps/M_Level01/1/2Z/GAHC4NT5S3FNOGYZXSCMJL
 |   |- Actor Instance Guid: DDEC54644EAC7C7203D64187B4D6D318
 |   |-          Actor Path: /Game/PlatformGame/Maps/M_Level01.M_Level01:PersistentLevel.StaticMeshActor_UAID_74563C66839BAFCD01_1595027446
 |   |-       Actor Package: /Game/__ExternalActors__/PlatformGame/Maps/M_Level01/0/EB/GN1UKMIOCB4FVFT6VSG4Z5
 |   |- Actor Instance Guid: E1A9B0764943EFF82F8BD194F0731F9B
[+] Content of Grid Level 1

